<?xml version="1.0" encoding="UTF-8"?>
<!-- Generated by org.testng.reporters.JUnitXMLReporter -->
<testsuite ignored="0" hostname="sowmya" failures="1" tests="2" name="Test" time="23.067" errors="0" timestamp="2026-04-09T11:37:49 IST">
  <testcase classname="testCases.TC001_AccountRegistrationTest" name="verify_Account_registration" time="3.445"/>
  <testcase classname="testCases.TC002_LoginTest" name="verify_login" time="11.683">
    <failure type="java.lang.AssertionError" message="expected [true] but found [false]">
      <![CDATA[java.lang.AssertionError: expected [true] but found [false]
at testCases.TC002_LoginTest.verify_login(TC002_LoginTest.java:34)
at java.base/java.util.ArrayList.forEach(ArrayList.java:1596)
... Removed 29 stack frames]]>
    </failure>
  </testcase> <!-- verify_login -->
</testsuite> <!-- Test -->
