<?xml version="1.0" encoding="UTF-8"?>
<!-- Generated by org.testng.reporters.JUnitXMLReporter -->
<testsuite ignored="0" hostname="sowmya" failures="2" tests="5" name="Test" time="70.727" errors="0" timestamp="2026-04-07T12:40:19 IST">
  <testcase classname="testCases.TC003_LoginDDT" name="verify_loginDDT" time="11.817">
    <failure type="java.lang.AssertionError" message="expected [true] but found [false]">
      <![CDATA[java.lang.AssertionError: expected [true] but found [false]
at testCases.TC003_LoginDDT.verify_loginDDT(TC003_LoginDDT.java:45)
at java.base/java.util.ArrayList.forEach(ArrayList.java:1596)
... Removed 29 stack frames]]>
    </failure>
  </testcase> <!-- verify_loginDDT -->
  <testcase classname="testCases.TC003_LoginDDT" name="verify_loginDDT" time="11.859"/>
  <testcase classname="testCases.TC003_LoginDDT" name="verify_loginDDT" time="11.373"/>
  <testcase classname="testCases.TC003_LoginDDT" name="verify_loginDDT" time="10.923"/>
  <testcase classname="testCases.TC003_LoginDDT" name="verify_loginDDT" time="12.684">
    <failure type="java.lang.AssertionError" message="expected [true] but found [false]">
      <![CDATA[java.lang.AssertionError: expected [true] but found [false]
at testCases.TC003_LoginDDT.verify_loginDDT(TC003_LoginDDT.java:45)
at java.base/java.util.ArrayList.forEach(ArrayList.java:1596)
... Removed 29 stack frames]]>
    </failure>
  </testcase> <!-- verify_loginDDT -->
</testsuite> <!-- Test -->
